2017-01-11 21:54:24,188 [Worker-3] INFO  c.g.t.t.d.PublishedGradleVersions - Gradle version information cache is out-of-date. Trying to update.
2017-02-08 17:41:09,437 [Worker-3] INFO  c.g.t.t.d.PublishedGradleVersions - Gradle version information cache is out-of-date. Trying to update.
2017-02-08 17:41:39,868 [Thread-8] ERROR org.eclipse.jgit.util.FS - fatal: Could not switch to '/Library/Developer/CommandLineTools/usr/etc/': No such file or directory

2017-02-09 08:10:34,262 [Worker-3] INFO  c.g.t.t.d.PublishedGradleVersions - Gradle version information cache is out-of-date. Trying to update.
2017-02-21 20:11:51,020 [Thread-6] ERROR org.eclipse.jgit.util.FS - fatal: Could not switch to '/Library/Developer/CommandLineTools/usr/etc/': No such file or directory

2017-02-21 20:11:58,051 [Worker-5] INFO  c.g.t.t.d.PublishedGradleVersions - Gradle version information cache is out-of-date. Trying to update.
2017-02-22 19:34:33,655 [Worker-2] INFO  c.g.t.t.d.PublishedGradleVersions - Gradle version information cache is up-to-date. Trying to read.
2017-02-22 19:34:34,458 [Thread-9] ERROR org.eclipse.jgit.util.FS - fatal: Could not switch to '/Library/Developer/CommandLineTools/usr/etc/': No such file or directory

2017-02-22 21:38:36,052 [Worker-1] INFO  c.g.t.t.d.PublishedGradleVersions - Gradle version information cache is out-of-date. Trying to update.
2017-02-22 21:38:36,843 [Thread-9] ERROR org.eclipse.jgit.util.FS - fatal: Could not switch to '/Library/Developer/CommandLineTools/usr/etc/': No such file or directory

2017-02-23 08:07:54,438 [Worker-0] INFO  c.g.t.t.d.PublishedGradleVersions - Gradle version information cache is out-of-date. Trying to update.
2017-02-23 08:49:10,033 [Worker-0] INFO  c.g.t.t.d.PublishedGradleVersions - Gradle version information cache is up-to-date. Trying to read.
2017-02-23 15:29:05,486 [Worker-3] INFO  c.g.t.t.d.PublishedGradleVersions - Gradle version information cache is up-to-date. Trying to read.
2017-02-23 20:59:38,912 [Thread-6] ERROR org.eclipse.jgit.util.FS - fatal: Could not switch to '/Library/Developer/CommandLineTools/usr/etc/': No such file or directory

2017-02-23 21:00:23,866 [Worker-16] INFO  c.g.t.t.d.PublishedGradleVersions - Gradle version information cache is up-to-date. Trying to read.
2017-02-28 08:54:12,714 [Worker-0] INFO  c.g.t.t.d.PublishedGradleVersions - Gradle version information cache is out-of-date. Trying to update.
2017-02-28 09:22:26,081 [Worker-1] INFO  c.g.t.t.d.PublishedGradleVersions - Gradle version information cache is up-to-date. Trying to read.
2017-03-01 21:41:19,624 [Thread-6] ERROR org.eclipse.jgit.util.FS - fatal: Could not switch to '/Library/Developer/CommandLineTools/usr/etc/': No such file or directory

2017-03-01 21:41:26,596 [Worker-6] INFO  c.g.t.t.d.PublishedGradleVersions - Gradle version information cache is out-of-date. Trying to update.
2017-03-02 08:11:49,982 [Worker-1] INFO  c.g.t.t.d.PublishedGradleVersions - Gradle version information cache is out-of-date. Trying to update.
2017-03-03 08:06:59,924 [Worker-0] INFO  c.g.t.t.d.PublishedGradleVersions - Gradle version information cache is up-to-date. Trying to read.
2017-03-03 22:07:39,049 [Thread-6] ERROR org.eclipse.jgit.util.FS - fatal: Could not switch to '/Library/Developer/CommandLineTools/usr/etc/': No such file or directory

2017-03-03 22:07:45,962 [Worker-4] INFO  c.g.t.t.d.PublishedGradleVersions - Gradle version information cache is out-of-date. Trying to update.
2017-03-04 09:38:05,534 [Thread-10] ERROR org.eclipse.jgit.util.FS - fatal: Could not switch to '/Library/Developer/CommandLineTools/usr/etc/': No such file or directory

2017-03-04 09:38:07,036 [Worker-1] INFO  c.g.t.t.d.PublishedGradleVersions - Gradle version information cache is up-to-date. Trying to read.
2017-03-06 08:10:39,993 [Worker-3] INFO  c.g.t.t.d.PublishedGradleVersions - Gradle version information cache is out-of-date. Trying to update.
2017-03-07 08:05:56,830 [Worker-4] INFO  c.g.t.t.d.PublishedGradleVersions - Gradle version information cache is up-to-date. Trying to read.
2017-03-07 21:18:54,632 [Thread-6] ERROR org.eclipse.jgit.util.FS - fatal: Could not switch to '/Library/Developer/CommandLineTools/usr/etc/': No such file or directory

2017-03-07 21:19:01,445 [Worker-1] INFO  c.g.t.t.d.PublishedGradleVersions - Gradle version information cache is out-of-date. Trying to update.
2017-03-08 21:25:38,693 [Thread-11] ERROR org.eclipse.jgit.util.FS - fatal: Could not switch to '/Library/Developer/CommandLineTools/usr/etc/': No such file or directory

2017-03-08 21:31:03,487 [Worker-3] INFO  c.g.t.t.d.PublishedGradleVersions - Gradle version information cache is out-of-date. Trying to update.
2017-03-09 08:10:43,847 [Worker-10] INFO  c.g.t.t.d.PublishedGradleVersions - Gradle version information cache is out-of-date. Trying to update.
2017-03-12 11:20:12,362 [Thread-6] ERROR org.eclipse.jgit.util.FS - fatal: Could not switch to '/Library/Developer/CommandLineTools/usr/etc/': No such file or directory

2017-03-12 11:28:09,553 [Worker-11] INFO  c.g.t.t.d.PublishedGradleVersions - Gradle version information cache is out-of-date. Trying to update.
2017-03-13 08:07:36,578 [Worker-13] INFO  c.g.t.t.d.PublishedGradleVersions - Gradle version information cache is out-of-date. Trying to update.
2017-03-13 19:55:02,049 [Thread-6] ERROR org.eclipse.jgit.util.FS - fatal: Could not switch to '/Library/Developer/CommandLineTools/usr/etc/': No such file or directory

2017-03-13 19:58:24,205 [Worker-16] INFO  c.g.t.t.d.PublishedGradleVersions - Gradle version information cache is out-of-date. Trying to update.
2017-03-14 08:23:06,940 [Worker-2] INFO  c.g.t.t.d.PublishedGradleVersions - Gradle version information cache is out-of-date. Trying to update.
2017-03-15 22:05:56,194 [Thread-6] ERROR org.eclipse.jgit.util.FS - fatal: Could not switch to '/Library/Developer/CommandLineTools/usr/etc/': No such file or directory

2017-03-15 22:06:16,872 [Worker-4] INFO  c.g.t.t.d.PublishedGradleVersions - Gradle version information cache is out-of-date. Trying to update.
2017-03-16 08:18:01,162 [Worker-6] INFO  c.g.t.t.d.PublishedGradleVersions - Gradle version information cache is out-of-date. Trying to update.
2017-03-16 21:10:31,237 [Thread-6] ERROR org.eclipse.jgit.util.FS - fatal: Could not switch to '/Library/Developer/CommandLineTools/usr/etc/': No such file or directory

2017-03-16 21:10:45,760 [Worker-3] INFO  c.g.t.t.d.PublishedGradleVersions - Gradle version information cache is up-to-date. Trying to read.
2017-03-17 08:04:26,345 [Worker-7] INFO  c.g.t.t.d.PublishedGradleVersions - Gradle version information cache is up-to-date. Trying to read.
2017-03-17 08:23:27,594 [Worker-9] INFO  c.g.t.t.d.PublishedGradleVersions - Gradle version information cache is out-of-date. Trying to update.
2017-03-17 22:58:13,670 [Thread-6] ERROR org.eclipse.jgit.util.FS - fatal: Could not switch to '/Library/Developer/CommandLineTools/usr/etc/': No such file or directory

2017-03-17 22:58:28,131 [Worker-5] INFO  c.g.t.t.d.PublishedGradleVersions - Gradle version information cache is out-of-date. Trying to update.
2017-03-18 22:56:26,711 [Thread-11] ERROR org.eclipse.jgit.util.FS - fatal: Could not switch to '/Library/Developer/CommandLineTools/usr/etc/': No such file or directory

2017-03-19 21:04:24,068 [Thread-11] ERROR org.eclipse.jgit.util.FS - fatal: Could not switch to '/Library/Developer/CommandLineTools/usr/etc/': No such file or directory

2017-03-19 21:59:14,954 [Worker-30] INFO  c.g.t.t.d.PublishedGradleVersions - Gradle version information cache is out-of-date. Trying to update.
2014-12-31 16:01:52,853 [Thread-6] ERROR org.eclipse.jgit.util.FS - fatal: Could not switch to '/Library/Developer/CommandLineTools/usr/etc/': No such file or directory

2017-03-19 23:28:44,236 [Worker-32] INFO  c.g.t.t.d.PublishedGradleVersions - Gradle version information cache is up-to-date. Trying to read.
2017-03-20 08:23:29,999 [Worker-20] INFO  c.g.t.t.d.PublishedGradleVersions - Gradle version information cache is out-of-date. Trying to update.
2017-03-21 08:03:04,298 [Worker-3] INFO  c.g.t.t.d.PublishedGradleVersions - Gradle version information cache is up-to-date. Trying to read.
2017-03-21 21:01:53,132 [Thread-6] ERROR org.eclipse.jgit.util.FS - fatal: Could not switch to '/Library/Developer/CommandLineTools/usr/etc/': No such file or directory

2017-03-21 21:02:02,534 [Worker-7] INFO  c.g.t.t.d.PublishedGradleVersions - Gradle version information cache is out-of-date. Trying to update.
2017-03-23 08:05:56,870 [Worker-2] INFO  c.g.t.t.d.PublishedGradleVersions - Gradle version information cache is out-of-date. Trying to update.
2017-03-24 08:07:40,525 [Worker-5] INFO  c.g.t.t.d.PublishedGradleVersions - Gradle version information cache is out-of-date. Trying to update.
2017-03-26 22:19:30,090 [Thread-6] ERROR org.eclipse.jgit.util.FS - fatal: Could not switch to '/Library/Developer/CommandLineTools/usr/etc/': No such file or directory

2017-03-26 22:19:41,218 [Worker-8] INFO  c.g.t.t.d.PublishedGradleVersions - Gradle version information cache is out-of-date. Trying to update.
2017-03-27 08:08:44,550 [Worker-1] INFO  c.g.t.t.d.PublishedGradleVersions - Gradle version information cache is out-of-date. Trying to update.
2017-03-28 08:05:59,523 [Worker-1] INFO  c.g.t.t.d.PublishedGradleVersions - Gradle version information cache is up-to-date. Trying to read.
<<<<<<< HEAD
2017-03-28 22:07:24,562 [Thread-6] ERROR org.eclipse.jgit.util.FS - fatal: Could not switch to '/Library/Developer/CommandLineTools/usr/etc/': No such file or directory

2017-03-28 22:07:29,572 [Worker-0] INFO  c.g.t.t.d.PublishedGradleVersions - Gradle version information cache is out-of-date. Trying to update.
=======
2017-03-30 08:07:31,174 [Worker-0] INFO  c.g.t.t.d.PublishedGradleVersions - Gradle version information cache is out-of-date. Trying to update.
>>>>>>> origin/master
2017-03-31 08:05:59,860 [Worker-4] INFO  c.g.t.t.d.PublishedGradleVersions - Gradle version information cache is up-to-date. Trying to read.
2017-03-31 17:17:29,020 [Thread-6] ERROR org.eclipse.jgit.util.FS - fatal: Could not switch to '/Library/Developer/CommandLineTools/usr/etc/': No such file or directory

2017-03-31 17:17:36,621 [Worker-0] INFO  c.g.t.t.d.PublishedGradleVersions - Gradle version information cache is out-of-date. Trying to update.
2017-03-31 18:23:34,140 [Thread-6] ERROR org.eclipse.jgit.util.FS - fatal: Could not switch to '/Library/Developer/CommandLineTools/usr/etc/': No such file or directory

2017-03-31 18:23:44,989 [Worker-2] INFO  c.g.t.t.d.PublishedGradleVersions - Gradle version information cache is up-to-date. Trying to read.
2017-04-07 22:56:54,936 [Worker-0] INFO  c.g.t.t.d.PublishedGradleVersions - Gradle version information cache is out-of-date. Trying to update.
2017-04-07 22:57:01,772 [Thread-12] ERROR org.eclipse.jgit.util.FS - fatal: Could not switch to '/Library/Developer/CommandLineTools/usr/etc/': No such file or directory

